<?xml version="1.0" encoding="UTF-8"?>
<testng-results ignored="0" total="1" passed="1" failed="0" skipped="0">
  <reporter-output>
  </reporter-output>
  <suite started-at="2024-06-01T17:21:41 BST" name="All Test Suite" finished-at="2024-06-01T17:21:46 BST" duration-ms="4480">
    <groups>
      <group name="cucumber">
        <method signature="AbstractTestNGCucumberTests.runScenario(io.cucumber.testng.PickleWrapper,io.cucumber.testng.FeatureWrapper)[pri:0, instance:TestRunner.Runner@121314f7]" name="runScenario" class="io.cucumber.testng.AbstractTestNGCucumberTests"/>
      </group> <!-- cucumber -->
    </groups>
    <test started-at="2024-06-01T17:21:41 BST" name="C:/AutomationFrameworksSuites/SearchProject" finished-at="2024-06-01T17:21:46 BST" duration-ms="4480">
      <class name="TestRunner.Runner">
        <test-method is-config="true" signature="setUpClass(org.testng.ITestContext)[pri:0, instance:TestRunner.Runner@121314f7]" started-at="2024-06-01T17:21:41 BST" name="setUpClass" finished-at="2024-06-01T17:21:45 BST" duration-ms="3361" status="PASS">
          <params>
            <param index="0">
              <value>
                <![CDATA[org.testng.TestRunner@61c76850]]>
              </value>
            </param>
          </params>
          <reporter-output>
          </reporter-output>
        </test-method> <!-- setUpClass -->
        <test-method signature="runScenario(io.cucumber.testng.PickleWrapper,io.cucumber.testng.FeatureWrapper)[pri:0, instance:TestRunner.Runner@121314f7]" started-at="2024-06-01T17:21:45 BST" name="runScenario" description="Runs Cucumber Scenarios" data-provider="scenarios" finished-at="2024-06-01T17:21:45 BST" duration-ms="889" status="PASS">
          <params>
            <param index="0">
              <value>
                <![CDATA["Job searching"]]>
              </value>
            </param>
            <param index="1">
              <value>
                <![CDATA["Job Search Functionality"]]>
              </value>
            </param>
          </params>
          <reporter-output>
          </reporter-output>
        </test-method> <!-- runScenario -->
        <test-method is-config="true" signature="tearDownClass()[pri:0, instance:TestRunner.Runner@121314f7]" started-at="2024-06-01T17:21:45 BST" name="tearDownClass" finished-at="2024-06-01T17:21:46 BST" duration-ms="72" status="PASS">
          <reporter-output>
          </reporter-output>
        </test-method> <!-- tearDownClass -->
      </class> <!-- TestRunner.Runner -->
    </test> <!-- C:/AutomationFrameworksSuites/SearchProject -->
  </suite> <!-- All Test Suite -->
</testng-results>
